<?xml version="1.0" encoding="UTF-8"?>
<testng-results ignored="0" total="1" passed="1" failed="0" skipped="0">
  <reporter-output>
  </reporter-output>
  <suite started-at="2022-07-22T13:20:18 IST" name="Default suite" finished-at="2022-07-22T13:20:19 IST" duration-ms="1263">
    <groups>
    </groups>
    <test started-at="2022-07-22T13:20:18 IST" name="Default test" finished-at="2022-07-22T13:20:19 IST" duration-ms="1263">
      <class name="methods.AppDependentMethods">
        <test-method is-config="true" signature="loadClassFiles()[pri:0, instance:methods.AppDependentMethods@2cdd0d4b]" started-at="2022-07-22T13:20:18 IST" name="loadClassFiles" finished-at="2022-07-22T13:20:18 IST" duration-ms="336" status="PASS">
          <reporter-output>
          </reporter-output>
        </test-method> <!-- loadClassFiles -->
        <test-method signature="executeTestSuite()[pri:0, instance:methods.AppDependentMethods@2cdd0d4b]" started-at="2022-07-22T13:20:18 IST" name="executeTestSuite" finished-at="2022-07-22T13:20:19 IST" duration-ms="1214" status="PASS">
          <reporter-output>
          </reporter-output>
        </test-method> <!-- executeTestSuite -->
      </class> <!-- methods.AppDependentMethods -->
    </test> <!-- Default test -->
  </suite> <!-- Default suite -->
</testng-results>
